  stdafx.cpp
  json_reader.cpp
  json_value.cpp
  json_writer.cpp
  CppSQLite3.cpp
  IniOperation.cpp
  md5.cpp
  Multilingual.cpp
  TTThread.cpp
  utilCommonAPI.cpp
  utility.cpp
  utilStrCodingAPI.cpp
    正在创建库 G:\0voice\im\0voice_im\solution\..\lib\Release\utility.lib 和对象 G:\0voice\im\0voice_im\solution\..\lib\Release\utility.exp
  正在生成代码
  2137 of 2146 functions (99.6%) were compiled, the rest were copied from previous compilation.
    33 functions were new in current compilation
    1 functions had inline decision re-evaluated but remain unchanged
  已完成代码的生成
  utility.vcxproj -> G:\0voice\im\0voice_im\solution\\..\bin\teamtalk\Release\utility.dll
  utility.vcxproj -> G:\0voice\im\0voice_im\solution\\..\bin\teamtalk\Release\utility.pdb (Full PDB)
